=========================================
Job started on: Fri Apr 10 13:33:04 CST 2026
Running on host: node03.cluster
Working directory: /mnt/data/sur/users/mmontante/SimulacionesMetabolicas
=========================================
[INFO] Starting Python script at Fri Apr 10 13:33:04 CST 2026
Cargando 11 modelos SBML...

>>> Simulando Comunidad 1 en: /mnt/data/sur/users/mmontante/04_resultados/newpath2/comunidad_1
building empty layout model
models will need to be added with layout.add_model()
Warning: The added metabolite (pydx_e) is not able to be taken up by any of the current models

Running COMETS simulation ...

Debug Here ...
Done!
Biomasa guardada exitosamente.
Metabolitos guardados exitosamente.
Media log guardado exitosamente.

>>> Simulando Comunidad 2 en: /mnt/data/sur/users/mmontante/04_resultados/newpath2/comunidad_2
building empty layout model
models will need to be added with layout.add_model()
Warning: The added metabolite (pydx_e) is not able to be taken up by any of the current models

Running COMETS simulation ...

Debug Here ...
Done!
Biomasa guardada exitosamente.
Metabolitos guardados exitosamente.
Media log guardado exitosamente.

>>> Simulando Comunidad 3 en: /mnt/data/sur/users/mmontante/04_resultados/newpath2/comunidad_3
building empty layout model
models will need to be added with layout.add_model()
Warning: The added metabolite (pydx_e) is not able to be taken up by any of the current models
Warning: The added metabolite (nac_e) is not able to be taken up by any of the current models

Running COMETS simulation ...

Debug Here ...
Done!
Biomasa guardada exitosamente.
Metabolitos guardados exitosamente.
Media log guardado exitosamente.

Proceso finalizado. Resultados en: /mnt/data/sur/users/mmontante/04_resultados/newpath2
[INFO] Python script finished at Fri Apr 10 13:37:17 CST 2026
=========================================
Pipeline done at: Fri Apr 10 13:37:17 CST 2026
=========================================
