----------------------------------------------------
Procesando Genoma: ST00094
----------------------------------------------------
Usage
/mnt/data/sur/modules/pkgs/mamba/main/envs/gapseq/share/gapseq/src/gapseq_find.sh -p <keyword> / -e <EC> [-d <database>] [-t <taxonomy>] file.fasta
  -p keywords such as pathways or subsystems (for example amino,nucl,cofactor,carbo,polyamine)
  -e Search by ec numbers (comma separated)
  -r Search by enzyme name (colon separated)
  -d Database: vmh or seed (default: seed)
  -t Taxonomic range for reference sequences to be used. (Bacteria, Archaea, auto; default: auto). See Details.
  -b Bit score cutoff for local alignment (default: 200)
  -i Identity cutoff for local alignment (default: 0)
  -c Coverage cutoff for local alignment (default: 75)
  -s Strict candidate reaction handling (do _not_ use pathway completeness, key kenzymes and operon structure to infere if imcomplete pathway could be still present (default: false)
  -u Suffix used for output files (default: pathway keyword)
  -a blast hits back against uniprot enzyme database
  -n Consider superpathways of metacyc database
  -l Select the pathway database (MetaCyc, KEGG, SEED, all; default: metacyc,custom)
  -o Only list pathways found for keyword (default: false)
  -x Do not blast only list pathways, reactions and check for available sequences (default: false)
  -q Include sequences of hits in log files (default: false)
  -v Verbose level, 0 for nothing, 1 for pathway infos, 2 for full (default: 1)
  -k Do not use parallel (Deprecated: use '-K 1' instead to disable multi-threading.)
  -g Exhaustive search, continue blast even when cutoff is reached (default: false)
  -z Quality of sequences for homology search: 1:only reviewed (swissprot), 2:unreviewed only if reviewed not available, 3:reviewed+unreviewed, 4:only unreviewed (default: 2)
  -m Limit pathways to taxonomic range (default: auto)
  -w Use additional sequences derived from gene names (default: true)
  -y Print annotation genome coverage (default: false)
  -j Quit if output files already exist (default: false)
  -f Path to directory, where output files will be saved (default: current directory)
  -U Do not use gapseq sequence archive and update sequences from uniprot manually (very slow) (default: false)
  -T Set user-defined temporary folder (default: false)
  -O Force offline mode (default: false)
  -M Input genome mode. Either 'nucl', 'prot', or 'auto' (default 'auto')
  -K Number of threads for sequence alignments. If option is not provided, number of available CPUs will be automatically determined.

Details:
"-t": if 'auto', gapseq tries to predict if the organism is Bacteria or Archaea based on the provided genome sequence. The prediction is based on the 16S rRNA gene sequence using a classifier that was trained on 16S rRNA genes from organisms with known Gram-staining phenotype. In case no 16S rRNA gene was found, a k-mer based classifier is used instead.
Usage
/mnt/data/sur/modules/pkgs/mamba/main/envs/gapseq/share/gapseq/src/transporter.sh file.fasta.
  -b bit score cutoff for local alignment (default: 200)
  -i identity cutoff for local alignment (default: 0)
  -c coverage cutoff for local alignment (default: 75)
  -q Include sequences of hits in log files; default false
  -k do not use parallel
  -m only check for this keyword/metabolite (default: all)
  -f Path to directory, where output files will be saved (default: current directory)
  -v Verbose level, 0 for nothing, 1 for full (default 1)
  -M Input genome mode. Either 'nucl' or 'prot' (default 'auto')
  -K Number of threads for sequence alignments. If option is not provided, number of available CPUs will be automatically determined.

No traceback available 
No traceback available 
LP solver: glpk 
----------------------------------------------------
Procesando Genoma: ST00101
----------------------------------------------------
Usage
/mnt/data/sur/modules/pkgs/mamba/main/envs/gapseq/share/gapseq/src/gapseq_find.sh -p <keyword> / -e <EC> [-d <database>] [-t <taxonomy>] file.fasta
  -p keywords such as pathways or subsystems (for example amino,nucl,cofactor,carbo,polyamine)
  -e Search by ec numbers (comma separated)
  -r Search by enzyme name (colon separated)
  -d Database: vmh or seed (default: seed)
  -t Taxonomic range for reference sequences to be used. (Bacteria, Archaea, auto; default: auto). See Details.
  -b Bit score cutoff for local alignment (default: 200)
  -i Identity cutoff for local alignment (default: 0)
  -c Coverage cutoff for local alignment (default: 75)
  -s Strict candidate reaction handling (do _not_ use pathway completeness, key kenzymes and operon structure to infere if imcomplete pathway could be still present (default: false)
  -u Suffix used for output files (default: pathway keyword)
  -a blast hits back against uniprot enzyme database
  -n Consider superpathways of metacyc database
  -l Select the pathway database (MetaCyc, KEGG, SEED, all; default: metacyc,custom)
  -o Only list pathways found for keyword (default: false)
  -x Do not blast only list pathways, reactions and check for available sequences (default: false)
  -q Include sequences of hits in log files (default: false)
  -v Verbose level, 0 for nothing, 1 for pathway infos, 2 for full (default: 1)
  -k Do not use parallel (Deprecated: use '-K 1' instead to disable multi-threading.)
  -g Exhaustive search, continue blast even when cutoff is reached (default: false)
  -z Quality of sequences for homology search: 1:only reviewed (swissprot), 2:unreviewed only if reviewed not available, 3:reviewed+unreviewed, 4:only unreviewed (default: 2)
  -m Limit pathways to taxonomic range (default: auto)
  -w Use additional sequences derived from gene names (default: true)
  -y Print annotation genome coverage (default: false)
  -j Quit if output files already exist (default: false)
  -f Path to directory, where output files will be saved (default: current directory)
  -U Do not use gapseq sequence archive and update sequences from uniprot manually (very slow) (default: false)
  -T Set user-defined temporary folder (default: false)
  -O Force offline mode (default: false)
  -M Input genome mode. Either 'nucl', 'prot', or 'auto' (default 'auto')
  -K Number of threads for sequence alignments. If option is not provided, number of available CPUs will be automatically determined.

Details:
"-t": if 'auto', gapseq tries to predict if the organism is Bacteria or Archaea based on the provided genome sequence. The prediction is based on the 16S rRNA gene sequence using a classifier that was trained on 16S rRNA genes from organisms with known Gram-staining phenotype. In case no 16S rRNA gene was found, a k-mer based classifier is used instead.
Usage
/mnt/data/sur/modules/pkgs/mamba/main/envs/gapseq/share/gapseq/src/transporter.sh file.fasta.
  -b bit score cutoff for local alignment (default: 200)
  -i identity cutoff for local alignment (default: 0)
  -c coverage cutoff for local alignment (default: 75)
  -q Include sequences of hits in log files; default false
  -k do not use parallel
  -m only check for this keyword/metabolite (default: all)
  -f Path to directory, where output files will be saved (default: current directory)
  -v Verbose level, 0 for nothing, 1 for full (default 1)
  -M Input genome mode. Either 'nucl' or 'prot' (default 'auto')
  -K Number of threads for sequence alignments. If option is not provided, number of available CPUs will be automatically determined.

No traceback available 
No traceback available 
LP solver: glpk 
----------------------------------------------------
Procesando Genoma: ST00110
----------------------------------------------------
Usage
/mnt/data/sur/modules/pkgs/mamba/main/envs/gapseq/share/gapseq/src/gapseq_find.sh -p <keyword> / -e <EC> [-d <database>] [-t <taxonomy>] file.fasta
  -p keywords such as pathways or subsystems (for example amino,nucl,cofactor,carbo,polyamine)
  -e Search by ec numbers (comma separated)
  -r Search by enzyme name (colon separated)
  -d Database: vmh or seed (default: seed)
  -t Taxonomic range for reference sequences to be used. (Bacteria, Archaea, auto; default: auto). See Details.
  -b Bit score cutoff for local alignment (default: 200)
  -i Identity cutoff for local alignment (default: 0)
  -c Coverage cutoff for local alignment (default: 75)
  -s Strict candidate reaction handling (do _not_ use pathway completeness, key kenzymes and operon structure to infere if imcomplete pathway could be still present (default: false)
  -u Suffix used for output files (default: pathway keyword)
  -a blast hits back against uniprot enzyme database
  -n Consider superpathways of metacyc database
  -l Select the pathway database (MetaCyc, KEGG, SEED, all; default: metacyc,custom)
  -o Only list pathways found for keyword (default: false)
  -x Do not blast only list pathways, reactions and check for available sequences (default: false)
  -q Include sequences of hits in log files (default: false)
  -v Verbose level, 0 for nothing, 1 for pathway infos, 2 for full (default: 1)
  -k Do not use parallel (Deprecated: use '-K 1' instead to disable multi-threading.)
  -g Exhaustive search, continue blast even when cutoff is reached (default: false)
  -z Quality of sequences for homology search: 1:only reviewed (swissprot), 2:unreviewed only if reviewed not available, 3:reviewed+unreviewed, 4:only unreviewed (default: 2)
  -m Limit pathways to taxonomic range (default: auto)
  -w Use additional sequences derived from gene names (default: true)
  -y Print annotation genome coverage (default: false)
  -j Quit if output files already exist (default: false)
  -f Path to directory, where output files will be saved (default: current directory)
  -U Do not use gapseq sequence archive and update sequences from uniprot manually (very slow) (default: false)
  -T Set user-defined temporary folder (default: false)
  -O Force offline mode (default: false)
  -M Input genome mode. Either 'nucl', 'prot', or 'auto' (default 'auto')
  -K Number of threads for sequence alignments. If option is not provided, number of available CPUs will be automatically determined.

Details:
"-t": if 'auto', gapseq tries to predict if the organism is Bacteria or Archaea based on the provided genome sequence. The prediction is based on the 16S rRNA gene sequence using a classifier that was trained on 16S rRNA genes from organisms with known Gram-staining phenotype. In case no 16S rRNA gene was found, a k-mer based classifier is used instead.
Usage
/mnt/data/sur/modules/pkgs/mamba/main/envs/gapseq/share/gapseq/src/transporter.sh file.fasta.
  -b bit score cutoff for local alignment (default: 200)
  -i identity cutoff for local alignment (default: 0)
  -c coverage cutoff for local alignment (default: 75)
  -q Include sequences of hits in log files; default false
  -k do not use parallel
  -m only check for this keyword/metabolite (default: all)
  -f Path to directory, where output files will be saved (default: current directory)
  -v Verbose level, 0 for nothing, 1 for full (default 1)
  -M Input genome mode. Either 'nucl' or 'prot' (default 'auto')
  -K Number of threads for sequence alignments. If option is not provided, number of available CPUs will be automatically determined.

No traceback available 
No traceback available 
LP solver: glpk 
