=========================================
Job started on: Fri Apr 10 13:34:30 CST 2026
Running on host: node09.cluster
Working directory: /mnt/data/sur/users/mmontante/SimulacionesMetabolicas
=========================================
[INFO] Starting Python script at Fri Apr 10 13:34:30 CST 2026
Cargando 11 modelos SBML...

>>> Simulando Comunidad 1 en: /mnt/data/sur/users/mmontante/04_resultados/newpath_indi/comunidad_1
building empty layout model
models will need to be added with layout.add_model()
Warning: The added metabolite (aso4_e) is not able to be taken up by any of the current models
Warning: The added metabolite (pydx_e) is not able to be taken up by any of the current models

Running COMETS simulation ...

Debug Here ...
Done!
Biomasa guardada exitosamente.
Metabolitos guardados exitosamente.
Media log guardado exitosamente.

>>> Simulando Comunidad 2 en: /mnt/data/sur/users/mmontante/04_resultados/newpath_indi/comunidad_2
building empty layout model
models will need to be added with layout.add_model()
Warning: The added metabolite (cro4_e) is not able to be taken up by any of the current models
Warning: The added metabolite (pydx_e) is not able to be taken up by any of the current models
Warning: The added metabolite (nac_e) is not able to be taken up by any of the current models
Warning: The added metabolite (ribflv_e) is not able to be taken up by any of the current models

Running COMETS simulation ...

Debug Here ...
Done!
Biomasa guardada exitosamente.
Metabolitos guardados exitosamente.
Media log guardado exitosamente.

>>> Simulando Comunidad 3 en: /mnt/data/sur/users/mmontante/04_resultados/newpath_indi/comunidad_3
building empty layout model
models will need to be added with layout.add_model()
Warning: The added metabolite (cro4_e) is not able to be taken up by any of the current models
Warning: The added metabolite (pydx_e) is not able to be taken up by any of the current models
Warning: The added metabolite (nac_e) is not able to be taken up by any of the current models
Warning: The added metabolite (ribflv_e) is not able to be taken up by any of the current models

Running COMETS simulation ...

Debug Here ...
Done!
Biomasa guardada exitosamente.
Metabolitos guardados exitosamente.
Media log guardado exitosamente.

>>> Simulando Comunidad 4 en: /mnt/data/sur/users/mmontante/04_resultados/newpath_indi/comunidad_4
building empty layout model
models will need to be added with layout.add_model()
Warning: The added metabolite (cro4_e) is not able to be taken up by any of the current models
Warning: The added metabolite (pydx_e) is not able to be taken up by any of the current models
Warning: The added metabolite (nac_e) is not able to be taken up by any of the current models

Running COMETS simulation ...

Debug Here ...
Done!
Biomasa guardada exitosamente.
Metabolitos guardados exitosamente.
Media log guardado exitosamente.

>>> Simulando Comunidad 5 en: /mnt/data/sur/users/mmontante/04_resultados/newpath_indi/comunidad_5
building empty layout model
models will need to be added with layout.add_model()
Warning: The added metabolite (cro4_e) is not able to be taken up by any of the current models
Warning: The added metabolite (pydx_e) is not able to be taken up by any of the current models
Warning: The added metabolite (nac_e) is not able to be taken up by any of the current models
Warning: The added metabolite (ribflv_e) is not able to be taken up by any of the current models

Running COMETS simulation ...

Debug Here ...
Done!
Biomasa guardada exitosamente.
Metabolitos guardados exitosamente.
Media log guardado exitosamente.

>>> Simulando Comunidad 6 en: /mnt/data/sur/users/mmontante/04_resultados/newpath_indi/comunidad_6
building empty layout model
models will need to be added with layout.add_model()
Warning: The added metabolite (aso4_e) is not able to be taken up by any of the current models
Warning: The added metabolite (cro4_e) is not able to be taken up by any of the current models
Warning: The added metabolite (pydx_e) is not able to be taken up by any of the current models
Warning: The added metabolite (nac_e) is not able to be taken up by any of the current models

Running COMETS simulation ...

Debug Here ...
Done!
Biomasa guardada exitosamente.
Metabolitos guardados exitosamente.
Media log guardado exitosamente.

>>> Simulando Comunidad 7 en: /mnt/data/sur/users/mmontante/04_resultados/newpath_indi/comunidad_7
building empty layout model
models will need to be added with layout.add_model()
Warning: The added metabolite (cd2_e) is not able to be taken up by any of the current models
Warning: The added metabolite (cro4_e) is not able to be taken up by any of the current models
Warning: The added metabolite (pydx_e) is not able to be taken up by any of the current models
Warning: The added metabolite (nac_e) is not able to be taken up by any of the current models

Running COMETS simulation ...

Debug Here ...
Done!
Biomasa guardada exitosamente.
Metabolitos guardados exitosamente.
Media log guardado exitosamente.

>>> Simulando Comunidad 8 en: /mnt/data/sur/users/mmontante/04_resultados/newpath_indi/comunidad_8
building empty layout model
models will need to be added with layout.add_model()
Warning: The added metabolite (cro4_e) is not able to be taken up by any of the current models
Warning: The added metabolite (pydx_e) is not able to be taken up by any of the current models
Warning: The added metabolite (ribflv_e) is not able to be taken up by any of the current models

Running COMETS simulation ...

Debug Here ...
Done!
Biomasa guardada exitosamente.
Metabolitos guardados exitosamente.
Media log guardado exitosamente.

>>> Simulando Comunidad 9 en: /mnt/data/sur/users/mmontante/04_resultados/newpath_indi/comunidad_9
building empty layout model
models will need to be added with layout.add_model()
Warning: The added metabolite (cro4_e) is not able to be taken up by any of the current models
Warning: The added metabolite (pydx_e) is not able to be taken up by any of the current models

Running COMETS simulation ...

Debug Here ...
Done!
Biomasa guardada exitosamente.
Metabolitos guardados exitosamente.
Media log guardado exitosamente.

>>> Simulando Comunidad 10 en: /mnt/data/sur/users/mmontante/04_resultados/newpath_indi/comunidad_10
building empty layout model
models will need to be added with layout.add_model()
Warning: The added metabolite (aso4_e) is not able to be taken up by any of the current models
Warning: The added metabolite (pydx_e) is not able to be taken up by any of the current models
Warning: The added metabolite (nac_e) is not able to be taken up by any of the current models

Running COMETS simulation ...

Debug Here ...
Done!
Biomasa guardada exitosamente.
Metabolitos guardados exitosamente.
Media log guardado exitosamente.

>>> Simulando Comunidad 11 en: /mnt/data/sur/users/mmontante/04_resultados/newpath_indi/comunidad_11
building empty layout model
models will need to be added with layout.add_model()
Warning: The added metabolite (cro4_e) is not able to be taken up by any of the current models
Warning: The added metabolite (ribflv_e) is not able to be taken up by any of the current models

Running COMETS simulation ...

Debug Here ...
Done!
Biomasa guardada exitosamente.
Metabolitos guardados exitosamente.
Media log guardado exitosamente.

Proceso finalizado. Resultados en: /mnt/data/sur/users/mmontante/04_resultados/newpath_indi
[INFO] Python script finished at Fri Apr 10 13:39:12 CST 2026
=========================================
Pipeline done at: Fri Apr 10 13:39:12 CST 2026
=========================================
