=========================================
Job started on: Mon Mar 23 15:25:23 CST 2026
Running on host: node01.cluster
Working directory: /mnt/data/sur/users/mmontante/SimulacionesMetabolicas
=========================================
[INFO] Starting Python script at Mon Mar 23 15:25:26 CST 2026
Cargando 11 modelos SBML...

>>> Procesando Comunidad ST00046: ['R1']
building empty layout model
models will need to be added with layout.add_model()
Advertencia: Modelo R1 no encontrado en archivos XML.
Saltando Comunidad ST00046: No hay modelos válidos.

>>> Procesando Comunidad ST00154: ['R2']
building empty layout model
models will need to be added with layout.add_model()
Advertencia: Modelo R2 no encontrado en archivos XML.
Saltando Comunidad ST00154: No hay modelos válidos.

>>> Procesando Comunidad ST00101: ['R3']
building empty layout model
models will need to be added with layout.add_model()
Advertencia: Modelo R3 no encontrado en archivos XML.
Saltando Comunidad ST00101: No hay modelos válidos.

>>> Procesando Comunidad ST00109: ['R4']
building empty layout model
models will need to be added with layout.add_model()
Advertencia: Modelo R4 no encontrado en archivos XML.
Saltando Comunidad ST00109: No hay modelos válidos.

>>> Procesando Comunidad ST00042: ['R5']
building empty layout model
models will need to be added with layout.add_model()
Advertencia: Modelo R5 no encontrado en archivos XML.
Saltando Comunidad ST00042: No hay modelos válidos.

>>> Procesando Comunidad ST00060: ['R6']
building empty layout model
models will need to be added with layout.add_model()
Advertencia: Modelo R6 no encontrado en archivos XML.
Saltando Comunidad ST00060: No hay modelos válidos.

>>> Procesando Comunidad ST00094: ['R7']
building empty layout model
models will need to be added with layout.add_model()
Advertencia: Modelo R7 no encontrado en archivos XML.
Saltando Comunidad ST00094: No hay modelos válidos.

>>> Procesando Comunidad ST00110: ['R8']
building empty layout model
models will need to be added with layout.add_model()
Advertencia: Modelo R8 no encontrado en archivos XML.
Saltando Comunidad ST00110: No hay modelos válidos.

>>> Procesando Comunidad ST00164: ['R9']
building empty layout model
models will need to be added with layout.add_model()
Advertencia: Modelo R9 no encontrado en archivos XML.
Saltando Comunidad ST00164: No hay modelos válidos.

>>> Procesando Comunidad ST00143: ['R10 ']
building empty layout model
models will need to be added with layout.add_model()
Advertencia: Modelo R10  no encontrado en archivos XML.
Saltando Comunidad ST00143: No hay modelos válidos.

>>> Procesando Comunidad STECOLI: ['R11']
building empty layout model
models will need to be added with layout.add_model()
Advertencia: Modelo R11 no encontrado en archivos XML.
Saltando Comunidad STECOLI: No hay modelos válidos.
[INFO] Python script finished at Mon Mar 23 15:26:32 CST 2026
=========================================
Pipeline done at: Mon Mar 23 15:26:32 CST 2026
=========================================
